<?xml version="1.0" encoding="UTF-8"?>
<testsuite xmlns:xsi="http://www.w3.org/2001/XMLSchema-instance" xsi:noNamespaceSchemaLocation="https://maven.apache.org/surefire/maven-surefire-plugin/xsd/surefire-test-report.xsd" version="3.0.2" name="com.sudoers.elvitrinabackend.ElvitrinaBackendApplicationTests" time="11.135" tests="1" errors="0" skipped="0" failures="0">
  <properties>
[...]
</properties>
  <testcase name="contextLoads" classname="com.sudoers.elvitrinabackend.ElvitrinaBackendApplicationTests" time="0.519">
    <system-out><![CDATA[04:00:09.601 [main] INFO org.springframework.test.context.support.AnnotationConfigContextLoaderUtils -- Could not detect default configuration classes for test class [com.sudoers.elvitrinabackend.ElvitrinaBackendApplicationTests]: ElvitrinaBackendApplicationTests does not declare any static, non-private, non-final, nested classes annotated with @Configuration.
04:00:09.818 [main] INFO org.springframework.boot.test.context.SpringBootTestContextBootstrapper -- Found @SpringBootConfiguration com.sudoers.elvitrinabackend.ElvitrinaBackendApplication for test class com.sudoers.elvitrinabackend.ElvitrinaBackendApplicationTests

  .   ____          _            __ _ _
 /\\ / ___'_ __ _ _(_)_ __  __ _ \ \ \ \
( ( )\___ | '_ | '_| | '_ \/ _` | \ \ \ \
 \\/  ___)| |_)| | | | | || (_| |  ) ) ) )
  '  |____| .__|_| |_|_| |_\__, | / / / /
 =========|_|==============|___/=/_/_/_/

 :: Spring Boot ::                (v3.4.3)

2025-03-13T04:00:10.413+01:00  INFO 18440 --- [elvitrina-backend] [           main] c.s.e.ElvitrinaBackendApplicationTests   : Starting ElvitrinaBackendApplicationTests using Java 20.0.2 with PID 18440 (started by meriem rehouma in C:\Users\meriem rehouma\OneDrive\Desktop\PI\El-Vitrina\elvitrina-backend)
2025-03-13T04:00:10.415+01:00  INFO 18440 --- [elvitrina-backend] [           main] c.s.e.ElvitrinaBackendApplicationTests   : No active profile set, falling back to 1 default profile: "default"
2025-03-13T04:00:11.820+01:00  INFO 18440 --- [elvitrina-backend] [           main] .s.d.r.c.RepositoryConfigurationDelegate : Bootstrapping Spring Data JPA repositories in DEFAULT mode.
2025-03-13T04:00:11.979+01:00  INFO 18440 --- [elvitrina-backend] [           main] .s.d.r.c.RepositoryConfigurationDelegate : Finished Spring Data repository scanning in 147 ms. Found 25 JPA repository interfaces.
2025-03-13T04:00:12.806+01:00  INFO 18440 --- [elvitrina-backend] [           main] o.hibernate.jpa.internal.util.LogHelper  : HHH000204: Processing PersistenceUnitInfo [name: default]
2025-03-13T04:00:12.877+01:00  INFO 18440 --- [elvitrina-backend] [           main] org.hibernate.Version                    : HHH000412: Hibernate ORM core version 6.6.8.Final
2025-03-13T04:00:12.918+01:00  INFO 18440 --- [elvitrina-backend] [           main] o.h.c.internal.RegionFactoryInitiator    : HHH000026: Second-level cache disabled
2025-03-13T04:00:13.380+01:00  INFO 18440 --- [elvitrina-backend] [           main] o.s.o.j.p.SpringPersistenceUnitInfo      : No LoadTimeWeaver setup: ignoring JPA class transformer
2025-03-13T04:00:13.422+01:00  INFO 18440 --- [elvitrina-backend] [           main] com.zaxxer.hikari.HikariDataSource       : HikariPool-1 - Starting...
2025-03-13T04:00:13.654+01:00  INFO 18440 --- [elvitrina-backend] [           main] com.zaxxer.hikari.pool.HikariPool        : HikariPool-1 - Added connection com.mysql.cj.jdbc.ConnectionImpl@6cd66f6a
2025-03-13T04:00:13.656+01:00  INFO 18440 --- [elvitrina-backend] [           main] com.zaxxer.hikari.HikariDataSource       : HikariPool-1 - Start completed.
2025-03-13T04:00:13.735+01:00  INFO 18440 --- [elvitrina-backend] [           main] org.hibernate.orm.connections.pooling    : HHH10001005: Database info:
	Database JDBC URL [Connecting through datasource 'HikariDataSource (HikariPool-1)']
	Database driver: undefined/unknown
	Database version: 8.0.41
	Autocommit mode: undefined/unknown
	Isolation level: undefined/unknown
	Minimum pool size: undefined/unknown
	Maximum pool size: undefined/unknown
2025-03-13T04:00:15.513+01:00  INFO 18440 --- [elvitrina-backend] [           main] o.h.e.t.j.p.i.JtaPlatformInitiator       : HHH000489: No JTA platform available (set 'hibernate.transaction.jta.platform' to enable JTA platform integration)
Hibernate: alter table advertisement drop foreign key FKlc8246b7b883gh953fosxl6o0
Hibernate: alter table advertisement drop foreign key FKbg661exossj2wx8tww3099nkj
Hibernate: alter table advertisement_images drop foreign key FKkwn6stwa2iyvqyctpoikpn61i
Hibernate: alter table blog_post drop foreign key FK7vg0q5xiixc6i1m14dx0h5n49
Hibernate: alter table comment drop foreign key FKohk8fcecowxj55oas8aw8njl1
Hibernate: alter table comment drop foreign key FKhvh0e2ybgg16bpu229a5teje7
Hibernate: alter table comment drop foreign key FK8kcum44fvpupyw6f5baccx25c
Hibernate: alter table creator drop foreign key FK17see319eydtuufy6pcwkexls
Hibernate: alter table custom_order drop foreign key FK2sfv9s4gvqvwah6eqxvkp2gq7
Hibernate: alter table custom_order drop foreign key FK80880p7a5fux4uqir228583px
Hibernate: alter table donation drop foreign key FKacgxl0ekdjv07alhn27t6gfq
Hibernate: alter table donation drop foreign key FK1ad6q05g0du7naqhu1vulpcem
Hibernate: alter table donation drop foreign key FK2rx4oikd7rs8ddja8k9xc25my
Hibernate: alter table donation_campaign drop foreign key FKnwj3f30rxkmjpjn3cut0lysba
Hibernate: alter table donation_campaign drop foreign key FKqq6mvtdgbjtkgxeocpatjsfo7
Hibernate: alter table donor_reward drop foreign key FKeutmcahuxhk8wc4q416koia1n
Hibernate: alter table event_participant drop foreign key FKhwcglexuoexhrbe9728pn6jqb
Hibernate: alter table event_participant drop foreign key FKjdp1ragarm4g3hw8cmpyg2dks
Hibernate: alter table event_ticket drop foreign key FKm0e11ys126t72i100bc6n5g0d
Hibernate: alter table formation drop foreign key FKe0ycl23hfhch3dfdg3uehwhdt
Hibernate: alter table notification_users drop foreign key FK1d63mdcn4g9nwnxmnbr6yhrii
Hibernate: alter table notification_users drop foreign key FKelmgqt2scbo9m72urw21d4kpa
Hibernate: alter table offer drop foreign key FKo0rdvexlxmyakcvw8b5aqidlk
Hibernate: alter table order_product drop foreign key FKhnfgqyjx3i80qoymrssls3kno
Hibernate: alter table order_product drop foreign key FK7yu5is00od0guwxrbmho1q453
Hibernate: alter table product drop foreign key FKjlfidudl1gwqem0flrlomvlcl
Hibernate: alter table product_images drop foreign key FKhrvh0hklwgllpdjlra6hx7p9u
Hibernate: alter table proposal_perso drop foreign key FKk278en1hl5wygir7p8y9ceg7k
Hibernate: alter table question drop foreign key FKb0yh0c1qaxfwlcnwo9dms2txf
Hibernate: alter table quiz drop foreign key FK1tofsm1qynhakggx7ttqh8ihu
Hibernate: alter table request_perso drop foreign key FKfitb2vyvn0gxatcytji2axksh
Hibernate: alter table response drop foreign key FK3e7adco6sq6onricr8s3glu62
Hibernate: alter table store drop foreign key FKn82wpcqrb21yddap4s3ttwnxj
Hibernate: alter table store_feedback drop foreign key FKn1psembv5g5qsfh62lloil5n0
Hibernate: alter table store_feedback drop foreign key FKpwaefliewstt32dhnanbdu183
Hibernate: alter table virtual_event drop foreign key FKmwy5hawbrctcq3g3xqbj873mf
Hibernate: alter table virtual_event drop foreign key FKha82ok66way2x0xpybtsn0qk0
Hibernate: drop table if exists advertisement
Hibernate: drop table if exists advertisement_images
Hibernate: drop table if exists app_feedback
Hibernate: drop table if exists blog_post
Hibernate: drop table if exists comment
Hibernate: drop table if exists creator
Hibernate: drop table if exists custom_order
Hibernate: drop table if exists donation
Hibernate: drop table if exists donation_campaign
Hibernate: drop table if exists donor_reward
Hibernate: drop table if exists event_participant
Hibernate: drop table if exists event_ticket
Hibernate: drop table if exists formation
Hibernate: drop table if exists notification
Hibernate: drop table if exists notification_users
Hibernate: drop table if exists offer
Hibernate: drop table if exists order_product
Hibernate: drop table if exists payment
Hibernate: drop table if exists product
Hibernate: drop table if exists product_images
Hibernate: drop table if exists proposal_perso
Hibernate: drop table if exists question
Hibernate: drop table if exists quiz
Hibernate: drop table if exists request_perso
Hibernate: drop table if exists response
Hibernate: drop table if exists store
Hibernate: drop table if exists store_feedback
Hibernate: drop table if exists user
Hibernate: drop table if exists virtual_event
Hibernate: create table advertisement (budget float(53) not null, clicks integer not null, impressions integer not null, ad_id bigint not null auto_increment, creator_id bigint not null, end_date datetime(6) not null, start_date datetime(6) not null, store_id bigint not null, timestamp datetime(6) not null, status varchar(50) not null, title varchar(100) not null, content varchar(500) not null, video_url varchar(255), primary key (ad_id)) engine=InnoDB
Hibernate: create table advertisement_images (advertisement_ad_id bigint not null, images varchar(255)) engine=InnoDB
Hibernate: create table app_feedback (created_at datetime(6), id bigint not null auto_increment, contact_email varchar(100), comment varchar(1000) not null, app_feedback_type enum ('BUG_REPORT','FEATURE_REQUEST','GENERAL','PERFORMANCE','USER_EXPERIENCE'), primary key (id)) engine=InnoDB
Hibernate: create table blog_post (reaction_number integer not null, status bit not null, created_at datetime(6), id bigint not null auto_increment, updated_at datetime(6), user_id bigint, content varchar(255), image varchar(255), tag varchar(255), title varchar(255), reaction enum ('ANGRY','HAHA','LIKE','LOVE','SAD','WOW'), primary key (id)) engine=InnoDB
Hibernate: create table comment (blog_post_id bigint, created_at datetime(6), id bigint not null auto_increment, modified_at datetime(6), parent_comment_id bigint, user_id bigint not null, content varchar(255), primary key (id)) engine=InnoDB
Hibernate: create table creator (commission_rate float(53) not null, creator_id bigint not null auto_increment, timestamp datetime(6) not null, user_id bigint not null, tier_classification varchar(50) not null, bio varchar(500) not null, behance_link varchar(255), facebook_link varchar(255), github_link varchar(255), instagram_link varchar(255), linkedin_link varchar(255), portfolio varchar(255) not null, snapchat_link varchar(255), specialties varchar(255) not null, whatsapp_link varchar(255), youtube_link varchar(255), primary key (creator_id)) engine=InnoDB
Hibernate: create table custom_order (price float(53) not null, quantity integer not null, id bigint not null auto_increment, order_date datetime(6), payment_id bigint, user_id bigint, status enum ('CANCELED','CONFIRMED','PENDING'), primary key (id)) engine=InnoDB
Hibernate: create table donation (amount float(53) not null, anonymity_setting bit not null, campaign_id bigint, donation_id bigint not null auto_increment, store_id bigint not null, timestamp datetime(6) not null, user_id bigint not null, type varchar(50) not null, donor_message varchar(500), primary key (donation_id)) engine=InnoDB
Hibernate: create table donation_campaign (current_amount float(53) not null, goal float(53) not null, campaign_id bigint not null auto_increment, end_date datetime(6) not null, start_date datetime(6) not null, store_id bigint not null, timestamp datetime(6) not null, user_id bigint not null, status varchar(50) not null, title varchar(100) not null, description varchar(500) not null, cause varchar(255) not null, primary key (campaign_id)) engine=InnoDB
Hibernate: create table donor_reward (donation_id bigint not null, expiration_date datetime(6) not null, issuance_date datetime(6) not null, redemption_date datetime(6), reward_id bigint not null auto_increment, timestamp datetime(6) not null, redemption_code varchar(50), redemption_status varchar(50) not null, type varchar(50) not null, details varchar(500) not null, primary key (reward_id)) engine=InnoDB
Hibernate: create table event_participant (attended bit not null, id bigint not null auto_increment, timestamp datetime(6) not null, user_id bigint not null, virtual_event_id bigint not null, primary key (id)) engine=InnoDB
Hibernate: create table event_ticket (early_bird_pricing float(53), price float(53) not null, quantity_available integer not null, quantity_remaining integer not null, ticket_id bigint not null auto_increment, timestamp datetime(6) not null, virtual_event_id bigint not null, type varchar(50) not null, name varchar(100) not null, description varchar(500) not null, primary key (ticket_id)) engine=InnoDB
Hibernate: create table formation (certificate_available bit not null, duration integer not null, price float(53) not null, id bigint not null auto_increment, user_id bigint, course_title varchar(255), description varchar(255), language varchar(255), formation_category enum ('COOKING','HANDMADE','POTTERY','SEWING'), level enum ('ADVANCED','BEGINNER','INTERMEDIATE'), primary key (id)) engine=InnoDB
Hibernate: create table notification (date_published datetime(6), id bigint not null auto_increment, content varchar(255), primary key (id)) engine=InnoDB
Hibernate: create table notification_users (notifications_id bigint not null, users_id bigint not null) engine=InnoDB
Hibernate: create table offer (discount float(53) not null, end_date datetime(6) not null, id bigint not null auto_increment, start_date datetime(6) not null, user_id bigint not null, name varchar(150) not null, description varchar(500) not null, offer enum ('BUYERSERVICE','INVESTORSERVICE','SELLERSERVICE') not null, primary key (id)) engine=InnoDB
Hibernate: create table order_product (order_id bigint not null, product_id bigint not null) engine=InnoDB
Hibernate: create table payment (amount float(53) not null, id bigint not null auto_increment, transaction_date datetime(6), status enum ('CASHONDELIVER','CREDITCARD','PAYPAL'), primary key (id)) engine=InnoDB
Hibernate: create table product (has_discount bit not null, price float(53) not null, stock_quantity integer not null, created_at datetime(6), product_id bigint not null auto_increment, store_id bigint, updated_at datetime(6), product_name varchar(100) not null, description varchar(500), category enum ('ART_PAINTINGS','BOOKS_STATIONERY','CLOTHING_ACCESSORIES','CRAFTS_DIY','DIGITAL_PRODUCTS','ECO_FRIENDLY','HANDMADE_JEWELRY','HEALTH_WELLNESS','HOME_DECOR','LOCAL_FOODS','PET_SUPPLIES','POTTERY_CERAMICS','TEXTILES_FABRICS','TOYS_GAMES','VINTAGE_ANTIQUES'), primary key (product_id)) engine=InnoDB
Hibernate: create table product_images (product_product_id bigint not null, images varchar(255)) engine=InnoDB
Hibernate: create table proposal_perso (price float(23) not null, delivery_time datetime(6), id bigint not null auto_increment, request_perso_id bigint, description varchar(255), image varchar(255), title varchar(255), primary key (id)) engine=InnoDB
Hibernate: create table question (id bigint not null auto_increment, quiz_id bigint, question varchar(255), question_type enum ('FREETEXT','MULTIPLECHOICE','SINGLECHOICE'), primary key (id)) engine=InnoDB
Hibernate: create table quiz (score integer not null, id bigint not null auto_increment, user_id bigint, description varchar(255), title varchar(255), primary key (id)) engine=InnoDB
Hibernate: create table request_perso (max_price float(23) not null, min_price float(23) not null, delivery_time datetime(6), id bigint not null auto_increment, user_id bigint, description varchar(255), image varchar(255), title varchar(255), primary key (id)) engine=InnoDB
Hibernate: create table response (id bigint not null auto_increment, question_id bigint, response varchar(255), primary key (id)) engine=InnoDB
Hibernate: create table store (status bit not null, created_at datetime(6), store_id bigint not null auto_increment, updated_at datetime(6), user_id bigint, store_name varchar(100) not null, description varchar(500), address varchar(255) not null, image varchar(255), category enum ('ART_PAINTINGS','BOOKS_STATIONERY','CLOTHING_ACCESSORIES','CRAFTS_DIY','DIGITAL_PRODUCTS','ECO_FRIENDLY','HANDMADE_JEWELRY','HEALTH_WELLNESS','HOME_DECOR','LOCAL_FOODS','PET_SUPPLIES','POTTERY_CERAMICS','TEXTILES_FABRICS','TOYS_GAMES','VINTAGE_ANTIQUES'), primary key (store_id)) engine=InnoDB
Hibernate: create table store_feedback (rating integer not null check ((rating>=1) and (rating<=5)), would_recommend bit not null, created_at datetime(6), store_feedback_id bigint not null auto_increment, store_id bigint, user_id bigint, comment varchar(1000) not null, store_feedback_type enum ('CUSTOMER_SERVICE','DELIVERY','PACKAGING','PRICING','PRODUCT_QUALITY'), primary key (store_feedback_id)) engine=InnoDB
Hibernate: create table user (enabled bit not null, is_active bit not null, points integer not null check (points>=0), status bit not null, id bigint not null auto_increment, registration_date datetime(6), firstname varchar(100) not null, lastname varchar(100) not null, name varchar(100) not null, email varchar(150) not null, address varchar(255), image varchar(255), password varchar(255) not null, phone varchar(255), verification_token varchar(255), role enum ('ADMIN','INVESTOR','SELLER','USER') not null, primary key (id)) engine=InnoDB
Hibernate: create table virtual_event (ticket_price float(53) not null, event_date datetime(6) not null, event_id bigint not null auto_increment, store_id bigint not null, timestamp datetime(6) not null, user_id bigint, event_type varchar(50) not null, status varchar(50) not null, title varchar(100) not null, description varchar(500) not null, primary key (event_id)) engine=InnoDB
Hibernate: alter table creator add constraint UK1amocvpv0jk67vf4y0vvnjsn7 unique (user_id)
Hibernate: alter table custom_order add constraint UK3r6f9cssx01oxl4wyf08tveut unique (payment_id)
Hibernate: alter table donor_reward add constraint UKor58fyt2kuvtjyk9regbk9ce9 unique (donation_id)
Hibernate: alter table event_participant add constraint UKt535sbhu3g9xxlk6gdd03enog unique (user_id)
Hibernate: alter table quiz add constraint UKd53kb8xwlqvh3482q9cond5qp unique (user_id)
Hibernate: alter table user add constraint UKob8kqyqqgmefl0aco34akdtpe unique (email)
Hibernate: alter table advertisement add constraint FKlc8246b7b883gh953fosxl6o0 foreign key (creator_id) references creator (creator_id)
Hibernate: alter table advertisement add constraint FKbg661exossj2wx8tww3099nkj foreign key (store_id) references store (store_id)
Hibernate: alter table advertisement_images add constraint FKkwn6stwa2iyvqyctpoikpn61i foreign key (advertisement_ad_id) references advertisement (ad_id)
Hibernate: alter table blog_post add constraint FK7vg0q5xiixc6i1m14dx0h5n49 foreign key (user_id) references user (id)
Hibernate: alter table comment add constraint FKohk8fcecowxj55oas8aw8njl1 foreign key (blog_post_id) references blog_post (id)
Hibernate: alter table comment add constraint FKhvh0e2ybgg16bpu229a5teje7 foreign key (parent_comment_id) references comment (id)
Hibernate: alter table comment add constraint FK8kcum44fvpupyw6f5baccx25c foreign key (user_id) references user (id)
Hibernate: alter table creator add constraint FK17see319eydtuufy6pcwkexls foreign key (user_id) references user (id)
Hibernate: alter table custom_order add constraint FK2sfv9s4gvqvwah6eqxvkp2gq7 foreign key (payment_id) references payment (id)
Hibernate: alter table custom_order add constraint FK80880p7a5fux4uqir228583px foreign key (user_id) references user (id)
Hibernate: alter table donation add constraint FKacgxl0ekdjv07alhn27t6gfq foreign key (campaign_id) references donation_campaign (campaign_id)
Hibernate: alter table donation add constraint FK1ad6q05g0du7naqhu1vulpcem foreign key (store_id) references store (store_id)
Hibernate: alter table donation add constraint FK2rx4oikd7rs8ddja8k9xc25my foreign key (user_id) references user (id)
Hibernate: alter table donation_campaign add constraint FKnwj3f30rxkmjpjn3cut0lysba foreign key (store_id) references store (store_id)
Hibernate: alter table donation_campaign add constraint FKqq6mvtdgbjtkgxeocpatjsfo7 foreign key (user_id) references user (id)
Hibernate: alter table donor_reward add constraint FKeutmcahuxhk8wc4q416koia1n foreign key (donation_id) references donation (donation_id)
Hibernate: alter table event_participant add constraint FKhwcglexuoexhrbe9728pn6jqb foreign key (user_id) references user (id)
Hibernate: alter table event_participant add constraint FKjdp1ragarm4g3hw8cmpyg2dks foreign key (virtual_event_id) references virtual_event (event_id)
Hibernate: alter table event_ticket add constraint FKm0e11ys126t72i100bc6n5g0d foreign key (virtual_event_id) references virtual_event (event_id)
Hibernate: alter table formation add constraint FKe0ycl23hfhch3dfdg3uehwhdt foreign key (user_id) references user (id)
Hibernate: alter table notification_users add constraint FK1d63mdcn4g9nwnxmnbr6yhrii foreign key (users_id) references user (id)
Hibernate: alter table notification_users add constraint FKelmgqt2scbo9m72urw21d4kpa foreign key (notifications_id) references notification (id)
Hibernate: alter table offer add constraint FKo0rdvexlxmyakcvw8b5aqidlk foreign key (user_id) references user (id)
Hibernate: alter table order_product add constraint FKhnfgqyjx3i80qoymrssls3kno foreign key (product_id) references product (product_id)
Hibernate: alter table order_product add constraint FK7yu5is00od0guwxrbmho1q453 foreign key (order_id) references custom_order (id)
Hibernate: alter table product add constraint FKjlfidudl1gwqem0flrlomvlcl foreign key (store_id) references store (store_id)
Hibernate: alter table product_images add constraint FKhrvh0hklwgllpdjlra6hx7p9u foreign key (product_product_id) references product (product_id)
Hibernate: alter table proposal_perso add constraint FKk278en1hl5wygir7p8y9ceg7k foreign key (request_perso_id) references request_perso (id)
Hibernate: alter table question add constraint FKb0yh0c1qaxfwlcnwo9dms2txf foreign key (quiz_id) references quiz (id)
Hibernate: alter table quiz add constraint FK1tofsm1qynhakggx7ttqh8ihu foreign key (user_id) references user (id)
Hibernate: alter table request_perso add constraint FKfitb2vyvn0gxatcytji2axksh foreign key (user_id) references user (id)
Hibernate: alter table response add constraint FK3e7adco6sq6onricr8s3glu62 foreign key (question_id) references question (id)
Hibernate: alter table store add constraint FKn82wpcqrb21yddap4s3ttwnxj foreign key (user_id) references user (id)
Hibernate: alter table store_feedback add constraint FKn1psembv5g5qsfh62lloil5n0 foreign key (store_id) references store (store_id)
Hibernate: alter table store_feedback add constraint FKpwaefliewstt32dhnanbdu183 foreign key (user_id) references user (id)
Hibernate: alter table virtual_event add constraint FKmwy5hawbrctcq3g3xqbj873mf foreign key (store_id) references store (store_id)
Hibernate: alter table virtual_event add constraint FKha82ok66way2x0xpybtsn0qk0 foreign key (user_id) references user (id)
2025-03-13T04:00:18.300+01:00  INFO 18440 --- [elvitrina-backend] [           main] j.LocalContainerEntityManagerFactoryBean : Initialized JPA EntityManagerFactory for persistence unit 'default'
2025-03-13T04:00:19.384+01:00  WARN 18440 --- [elvitrina-backend] [           main] JpaBaseConfiguration$JpaWebConfiguration : spring.jpa.open-in-view is enabled by default. Therefore, database queries may be performed during view rendering. Explicitly configure spring.jpa.open-in-view to disable this warning
2025-03-13T04:00:20.005+01:00  INFO 18440 --- [elvitrina-backend] [           main] c.s.e.ElvitrinaBackendApplicationTests   : Started ElvitrinaBackendApplicationTests in 9.966 seconds (process running for 11.341)
]]></system-out>
  </testcase>
</testsuite>